May 04 18:44 : exception: Failed to decode /home/shreyas/Music/Cartoon - On & On (feat. Daniel Levi) [NCS Release].mp3; Failed to open '/home/shreyas/Music/Cartoon - On & On (feat. Daniel Levi) [NCS Release].mp3': No such file or directory
May 04 18:44 : player: played "Cartoon - On & On (feat. Daniel Levi) [NCS Release].mp3"
May 04 18:44 : exception: Failed to decode /home/shreyas/Music/Culture Code - Make Me Move (feat. Karra) [NCS Release].mp3; Failed to open '/home/shreyas/Music/Culture Code - Make Me Move (feat. Karra) [NCS Release].mp3': No such file or directory
May 04 18:44 : player: played "Culture Code - Make Me Move (feat. Karra) [NCS Release].mp3"
May 04 18:44 : exception: Failed to decode /home/shreyas/Music/Janji - Heroes Tonight (feat. Johnning) [NCS Release].mp3; Failed to open '/home/shreyas/Music/Janji - Heroes Tonight (feat. Johnning) [NCS Release].mp3': No such file or directory
May 04 18:44 : player: played "Janji - Heroes Tonight (feat. Johnning) [NCS Release].mp3"
May 04 18:44 : exception: Failed to decode /home/shreyas/Music/N3WPORT - Power (feat. braev) [NCS Release].mp3; Failed to open '/home/shreyas/Music/N3WPORT - Power (feat. braev) [NCS Release].mp3': No such file or directory
May 04 18:44 : player: played "N3WPORT - Power (feat. braev) [NCS Release].mp3"
May 04 18:44 : exception: Failed to decode /home/shreyas/Music/NEFFEX - Grateful [Copyright Free].mp3; Failed to open '/home/shreyas/Music/NEFFEX - Grateful [Copyright Free].mp3': No such file or directory
May 04 18:44 : player: played "NEFFEX - Grateful [Copyright Free].mp3"
May 04 19:25 : exception: Failed to decode /home/shreyas/Music/NEFFEX - Grateful [Copyright Free].mp3; Failed to open '/home/shreyas/Music/NEFFEX - Grateful [Copyright Free].mp3': No such file or directory
May 04 19:25 : player: played "NEFFEX - Grateful [Copyright Free].mp3"
May 04 19:26 : exception: Failed to decode /home/shreyas/Music/NEFFEX - Grateful [Copyright Free].mp3; Failed to open '/home/shreyas/Music/NEFFEX - Grateful [Copyright Free].mp3': No such file or directory
May 04 19:26 : player: played "NEFFEX - Grateful [Copyright Free].mp3"
May 05 09:02 : exception: Failed to decode /home/shreyas/Music/Cartoon - On & On (feat. Daniel Levi) [NCS Release].mp3; Failed to open '/home/shreyas/Music/Cartoon - On & On (feat. Daniel Levi) [NCS Release].mp3': No such file or directory
May 05 09:02 : player: played "Cartoon - On & On (feat. Daniel Levi) [NCS Release].mp3"
May 05 09:02 : exception: Failed to decode /home/shreyas/Music/Culture Code - Make Me Move (feat. Karra) [NCS Release].mp3; Failed to open '/home/shreyas/Music/Culture Code - Make Me Move (feat. Karra) [NCS Release].mp3': No such file or directory
May 05 09:02 : player: played "Culture Code - Make Me Move (feat. Karra) [NCS Release].mp3"
May 05 09:02 : exception: Failed to decode /home/shreyas/Music/Janji - Heroes Tonight (feat. Johnning) [NCS Release].mp3; Failed to open '/home/shreyas/Music/Janji - Heroes Tonight (feat. Johnning) [NCS Release].mp3': No such file or directory
May 05 09:02 : player: played "Janji - Heroes Tonight (feat. Johnning) [NCS Release].mp3"
May 05 09:02 : exception: Failed to decode /home/shreyas/Music/N3WPORT - Power (feat. braev) [NCS Release].mp3; Failed to open '/home/shreyas/Music/N3WPORT - Power (feat. braev) [NCS Release].mp3': No such file or directory
May 05 09:02 : player: played "N3WPORT - Power (feat. braev) [NCS Release].mp3"
May 05 09:02 : exception: Failed to decode /home/shreyas/Music/NEFFEX - Grateful [Copyright Free].mp3; Failed to open '/home/shreyas/Music/NEFFEX - Grateful [Copyright Free].mp3': No such file or directory
May 05 09:02 : player: played "NEFFEX - Grateful [Copyright Free].mp3"
May 05 09:22 : exception: Failed to decode /home/shreyas/Music/Cartoon - On & On (feat. Daniel Levi) [NCS Release].mp3; Failed to open '/home/shreyas/Music/Cartoon - On & On (feat. Daniel Levi) [NCS Release].mp3': No such file or directory
May 05 09:22 : player: played "Cartoon - On & On (feat. Daniel Levi) [NCS Release].mp3"
May 05 09:22 : exception: Failed to decode /home/shreyas/Music/Culture Code - Make Me Move (feat. Karra) [NCS Release].mp3; Failed to open '/home/shreyas/Music/Culture Code - Make Me Move (feat. Karra) [NCS Release].mp3': No such file or directory
May 05 09:22 : player: played "Culture Code - Make Me Move (feat. Karra) [NCS Release].mp3"
May 05 09:22 : exception: Failed to decode /home/shreyas/Music/Janji - Heroes Tonight (feat. Johnning) [NCS Release].mp3; Failed to open '/home/shreyas/Music/Janji - Heroes Tonight (feat. Johnning) [NCS Release].mp3': No such file or directory
May 05 09:22 : player: played "Janji - Heroes Tonight (feat. Johnning) [NCS Release].mp3"
May 05 09:22 : exception: Failed to decode /home/shreyas/Music/N3WPORT - Power (feat. braev) [NCS Release].mp3; Failed to open '/home/shreyas/Music/N3WPORT - Power (feat. braev) [NCS Release].mp3': No such file or directory
May 05 09:22 : player: played "N3WPORT - Power (feat. braev) [NCS Release].mp3"
May 05 09:22 : exception: Failed to decode /home/shreyas/Music/NEFFEX - Grateful [Copyright Free].mp3; Failed to open '/home/shreyas/Music/NEFFEX - Grateful [Copyright Free].mp3': No such file or directory
May 05 09:22 : player: played "NEFFEX - Grateful [Copyright Free].mp3"
May 05 11:31 : exception: Failed to decode /home/shreyas/Music/NEFFEX - Grateful [Copyright Free].mp3; Failed to open '/home/shreyas/Music/NEFFEX - Grateful [Copyright Free].mp3': No such file or directory
May 05 11:31 : player: played "NEFFEX - Grateful [Copyright Free].mp3"
May 05 11:31 : update: removing Cartoon - On & On (feat. Daniel Levi) [NCS Release].mp3
May 05 11:31 : update: removing NEFFEX - Grateful [Copyright Free].mp3
May 05 11:31 : update: removing N3WPORT - Power (feat. braev) [NCS Release].mp3
May 05 11:31 : update: removing Janji - Heroes Tonight (feat. Johnning) [NCS Release].mp3
May 05 11:31 : update: removing Culture Code - Make Me Move (feat. Karra) [NCS Release].mp3
May 05 11:31 : update: added /Koodamela Koodavechi.mp3
May 05 11:31 : update: added /Game Of Thrones (KSHMR  The Golden Army Remix) (Free HQ Download).mp3
May 05 11:31 : update: added /Sonapareeya .mp3
May 05 11:31 : update: added /Neruppu Da BGM.mp3
May 05 11:31 : update: added /Aval-MassTamilan.com.mp3
May 05 11:31 : update: added /Panic! at the Disco - Hallelujah (DawnFoxes.com).mp3
May 05 11:31 : update: added /Neruppu Da [HqMp3Songs.Com].mp3
May 05 11:31 : update: added /Kerala Song-Isaimini.Audio.mp3
May 05 11:31 : update: added /Imagine Dragons - Whatever It Takes (Oddcube & Arcando Remix).mp3
May 05 11:31 : update: added /Osaka Osaka.mp3
May 05 11:31 : update: added /Aathadi_Aathadi-StarMusiQ.Com.mp3
May 05 11:31 : update: added /XcLYlbLRLb.mp3
May 05 11:31 : update: added /Alan Walker - Faded [128].mp3
May 05 11:31 : update: added /Martin Garrix - Animals (Original Mix).mp3
May 05 11:31 : update: added /A Thousand Years - Christina Perri Lyrics-1.mp3
May 05 11:31 : update: added /Azhagu_(F)-StarMusiQ.Com.mp3
May 05 11:31 : update: added /alan-walker-fade.mp3
May 05 11:31 : update: added /Maruvaarthai_Pesathey-5StarMusiQ.Com.mp3
May 05 11:31 : update: added /Kill Jill.mp3
May 05 11:31 : update: added /Dandanakka-Anirudh_Ravichander[www.Mp3MaD.Com].mp3
May 05 11:31 : update: added /Naan_Nee-StarMusiQ.Com.mp3
May 05 11:31 : update: added /Panic-At-The-Disco-Bohemian-Rhapsody-from-Suicide-Squad-The-Album-Audio_Jl6oJTB4TpA.mp3
May 05 11:31 : update: added /Imaikkaa Nodigal  Neeyum Naanum Anbe Video Song  Vijay Sethupathi Nayanthara  Hiphop Tamizha.mp3
May 05 11:31 : update: added /04-l-s-theme.mp3
May 05 11:31 : update: added /John Denver - Take Me Home, Country Roads (Audio).mp3
May 05 11:31 : update: added /Iraiva Ennai Thedi - MassTamilan.com.mp3
May 05 11:31 : update: added /BLVCKLIST, Cleeezus & Blvkstn - West Coast.mp3
May 05 11:31 : update: added /Pistah-Various--Raag.Me--.mp3
May 05 11:31 : update: added /Innum Konjam Naeram.mp3
May 05 11:31 : update: added /Kaathalae Kaathalae (Duet) - SenSongsMp3.Co.mp3
May 05 11:31 : update: added /Thalai_Viduthalai-5StarMusiQ.Com.mp3
May 05 11:31 : update: added /Billie Eilish - bad guy.mp3
May 05 11:31 : update: added /Maangalyam (Wedding Song) - Bangalore Days (WapMallu.CoM).mp3
May 05 11:31 : update: added /Anthaathi - SenSongsMp3.Co.mp3
May 05 11:31 : update: added /project-igi-ingame-02.mp3
May 05 11:31 : update: added /Mazhai-Kuruvi-MassTamilan.com.mp3
May 05 11:31 : update: added /Guleba-Sokama-Sokama-MassTamilan.com.mp3
May 05 11:31 : update: added /01+Vaadi+Pulla+Vaadi+-+Hiphop+Tamizha.+Adhi.mp3
May 05 11:31 : update: added /Imagine_Dragons_-_Believer.mp3
May 05 11:31 : update: added /Donu Donu Donu.mp3
May 05 11:31 : update: added /Vishnu Sahasranamam Stotram.mp3
May 05 11:31 : update: added /Panic! At The Disco- This Is Gospel (Split Tracks).mp3
May 05 11:31 : update: added /Toto - Africa (Official Music Video).mp3
May 05 11:31 : update: added /Appangalembadum-Various--Raag.Me--.mp3
May 05 11:31 : update: added /Kadhalaada_Kadhal_Aada-5StarMusiQ.Com.mp3
May 05 11:31 : update: added /Aura Vortex & Gottinari - Rampage! (Original Mix) (1).mp3
May 05 11:31 : update: added /Pakkam Vanthu.mp3
May 05 11:31 : update: added /Maya Nadhi.mp3
May 05 11:31 : update: added /Kaalam Yen Kadhali - 128Kbps - (www.songspksongspk.co).mp3
May 05 11:31 : update: added /The Theri Theme - Vedhalam (WapMallu.CoM).mp3
May 05 11:31 : update: added /Showkali.mp3
May 05 11:31 : update: added /Oh Penne.mp3
May 05 11:31 : update: added /Two Feet - Go Fck Yourself.mp3
May 05 11:31 : update: added /Avenged Sevenfold - 01 - Nightmare.mp3
May 05 11:31 : update: added /Mei_Nigara-StarMusiQ.Com.mp3
May 05 11:31 : update: added /Naana_Thaana_Veena_Ponaa-5StarMusiQ.Com.mp3
May 05 11:31 : update: added /Muskurane-(Mr-Jatt.com).mp3
May 05 11:31 : update: added /Hosanna.mp3
May 05 11:31 : update: added /Apashe - Majesty (feat. Wasiu) Trap Music.mp3
May 05 11:31 : update: added /Urimayai Meetpom - SenSongsMp3.Co.mp3
May 05 11:31 : update: added /Virtual Barber Shop Hair Cut 3d Sound (use Headphone And Close Your Eye).mp3
May 05 11:31 : update: added /Aero Chord - Drop It.mp3
May 05 11:31 : update: added /Enna_Nadanthalum-5StarMusiQ.Com.mp3
May 05 11:31 : update: added /Varlaam Varlaam Vaa.mp3
May 05 11:31 : update: added /Danny Olson - Waiting (ft. Bianca).mp3
May 05 11:31 : update: added /Face Off (Theme)--Raag.Me--.mp3
May 05 11:31 : update: added /Emperor's New Clothes.mp3
May 05 11:31 : update: added /Barren Gates - Area 51.mp3
May 05 11:31 : update: added /Hey_Suzhali-StarMusiQ.Com.mp3
May 05 11:31 : update: added /Zomboy - Nuclear (Hands Up).mp3
May 05 11:31 : update: added /Yennai Maatrum Kadhale-(Mr-Jatt.com).mp3
May 05 11:31 : update: added /Green_Day_-_21_Gun_(mp3.pm).mp3
May 05 11:31 : update: added /Thalli Pogathey--Raag.Me--.mp3
May 05 11:31 : update: added /Y2K, bbno$ - Lalala (Official Video).mp3
May 05 11:31 : update: added /Ennodu Nee Irundhal.mp3
May 05 11:31 : update: added /Karuppu Nerathazhagi.mp3
May 05 11:31 : update: added /Iravingu Theevai - SenSongsMp3.Co.mp3
May 05 11:31 : update: added /Yaanji_Yaanji-5StarMusiQ.Com.mp3
May 05 11:31 : update: added /Sirukki_Vaasam-StarMusiQ.Com.mp3
May 05 11:31 : update: added /Serhat Durmus - Not Alone.mp3
May 05 11:31 : update: added /Senjitaley.mp3
May 05 11:31 : update: added /Vasantha Kaalangal - SenSongsMp3.Co.mp3
May 05 11:31 : update: added /Aaluma Doluma--Raag.Me--.mp3
May 05 11:31 : update: added /Mersalaayitten - TamilTunes.com.mp3
May 05 11:31 : update: added /Tum_Hi_Ho-Arijit_Singh-www.Mp3Mad.Com.mp3
May 05 11:31 : update: added /The Chainsmokers - Don't Let Me Down (Illenium Remix).mp3
May 05 11:31 : update: added /Rasaali.mp3
May 05 11:31 : update: added /Serhat Durmus - Silence Of Reality.mp3
May 05 11:31 : update: added /Tsunami.mp3
May 05 11:31 : update: added /Kurumba-(Fathers-Love)-MassTamilan.com.mp3
May 05 11:31 : update: added /KSHMR  Marnik (ft. The Golden Army) - SHIVA (Sunburn 2017 Anthem) -Official Audio-.mp3
May 05 11:31 : update: added /Karuthavanlaam Galeejaam - MassTamilan.com.mp3
May 05 11:31 : update: added /Paakaadhae Paakaadhae.mp3
May 05 11:31 : update: added /Katravai Patravai - SenSongsMp3.Co.mp3
May 05 11:31 : update: added /Open The Tasmac.mp3
May 05 11:31 : update: added /Manasula Soora.mp3
May 05 11:31 : update: added /Mannipaaya (1).mp3
May 05 11:31 : update: added /Madras-StarMusiQ.Com.mp3
May 05 11:31 : update: added /Joker OST - Main Theme.mp3
May 05 11:31 : update: added /Surviva (From Vivegam) - Tamilanda.com.mp3
May 05 11:31 : update: added /Serhat Durmus - Hislerim (ft. Zerrin).mp3
May 05 11:31 : update: added /Charlie Puth - Attention [Official Video].mp3
May 05 11:31 : update: added /Theemai Dhaan Vellum--Raag.Me--.mp3
May 05 11:31 : update: added /Thaabangale - SenSongsMp3.Co.mp3
May 05 11:31 : update: added /Halena.mp3
May 05 11:31 : update: added /Chennai-City-Gangsta.mp3
May 05 11:31 : update: added /iphone_notification.mp3
May 05 11:31 : update: added /Omana Penne.mp3
May 05 11:31 : update: added /Adiyae_Azhagae-StarMusiQ.Com.mp3
May 05 11:31 : update: added /Nenjorathil_Female.mp3
May 05 11:31 : update: added /Sickick - Infected.mp3
May 05 11:31 : update: added /Troyboi & Skrillex - Warlordz (Fabian Mazur Remix).mp3
May 05 11:31 : update: added /Odece Betrayal..mp3
May 05 11:31 : update: added /Irumbile Oru Idhaiyam.mp3
May 05 11:31 : update: added /Thanga Sela - SenSongsMp3.Co.mp3
May 05 11:31 : update: added /Vinmeen_Vithaiyil-StarMusiQ.Com.mp3
May 05 11:43 : exception: Failed to access /home/shreyas/Downloads/My Music: No such file or directory
May 05 11:43 : exception: Failed to read mixer for 'ALSA sound card': no such mixer control: PCM
May 05 11:46 : exception: Failed to read mixer for 'ALSA sound card': no such mixer control: PCM
May 05 11:50 : exception: Failed to read mixer for 'ALSA sound card': no such mixer control: PCM
May 05 11:52 : exception: Failed to open mixer for 'ALSA sound card': no such mixer control: PCM
May 05 11:52 : player: played "Imagine_Dragons_-_Believer.mp3"
May 05 11:53 : exception: Failed to open mixer for 'ALSA sound card': no such mixer control: PCM
May 05 11:53 : player: played "Aero Chord - Drop It.mp3"
May 05 11:53 : exception: Failed to open mixer for 'ALSA sound card': no such mixer control: PCM
May 05 12:12 : exception: Failed to open mixer for 'ALSA sound card': no such mixer control: PCM
May 05 12:12 : player: played "Aero Chord - Drop It.mp3"
May 05 12:15 : exception: Failed to open mixer for 'ALSA sound card': no such mixer control: PCM
May 05 12:15 : player: played "Aero Chord - Drop It.mp3"
May 05 12:15 : exception: Failed to open mixer for 'ALSA sound card': no such mixer control: PCM
May 05 12:15 : player: played "Aero Chord - Drop It.mp3"
May 05 12:23 : exception: Failed to read mixer for 'ALSA sound card': no such mixer control: PCM
May 05 12:23 : exception: Failed to open mixer for 'ALSA sound card': no such mixer control: PCM
May 05 12:23 : alsa_output: Decoder is too slow; playing silence to avoid xrun
May 05 12:23 : player: played "Apashe - Majesty (feat. Wasiu) Trap Music.mp3"
May 05 19:21 : exception: Failed to read mixer for 'ALSA sound card': no such mixer control: PCM
May 05 19:25 : exception: Failed to open mixer for 'ALSA sound card': no such mixer control: PCM
May 05 19:27 : exception: Failed to open mixer for 'ALSA sound card': no such mixer control: PCM
May 05 19:29 : exception: Failed to open mixer for 'ALSA sound card': no such mixer control: PCM
May 05 19:30 : exception: Failed to open mixer for 'ALSA sound card': no such mixer control: PCM
May 05 19:30 : player: played "Imagine Dragons - Whatever It Takes (Oddcube & Arcando Remix).mp3"
May 05 19:30 : exception: Failed to open mixer for 'ALSA sound card': no such mixer control: PCM
May 05 19:30 : player: played "Danny Olson - Waiting (ft. Bianca).mp3"
May 05 19:30 : exception: Failed to open mixer for 'ALSA sound card': no such mixer control: PCM
May 05 19:34 : player: played "Danny Olson - Waiting (ft. Bianca).mp3"
May 05 19:44 : exception: Failed to open mixer for 'ALSA sound card': no such mixer control: PCM
May 05 19:45 : exception: Failed to open mixer for 'ALSA sound card': no such mixer control: PCM
May 05 19:48 : player: played "Apashe - Majesty (feat. Wasiu) Trap Music.mp3"
May 05 19:50 : exception: Failed to open mixer for 'ALSA sound card': no such mixer control: PCM
May 05 19:50 : alsa_output: Decoder is too slow; playing silence to avoid xrun
May 05 19:54 : player: played "Serhat Durmus - Not Alone.mp3"
May 05 19:58 : player: played "Sickick - Infected.mp3"
May 05 20:01 : player: played "Billie Eilish - bad guy.mp3"
May 05 20:04 : player: played "BLVCKLIST, Cleeezus & Blvkstn - West Coast.mp3"
May 05 20:07 : player: played "Y2K, bbno$ - Lalala (Official Video).mp3"
May 05 20:10 : player: played "Barren Gates - Area 51.mp3"
May 05 20:11 : alsa_output: Decoder is too slow; playing silence to avoid xrun
May 05 20:11 : player: played "Apashe - Majesty (feat. Wasiu) Trap Music.mp3"
May 05 20:11 : update: added /8. Run with Me Detroit Become Human OST.mp3
May 05 20:11 : update: added /5. Song of the Lost Girl Detroit Become Human OST.mp3
May 05 20:11 : update: added /6. Kara Main Theme Detroit Become Human OST.mp3
May 05 20:11 : update: added /dragonforce (Fairy Tail but is it okay if it's lofi hiphop).mp3
May 05 20:30 : exception: Failed to open mixer for 'ALSA sound card': no such mixer control: PCM
May 05 20:33 : player: played "Odece Betrayal..mp3"
May 06 09:41 : exception: Failed to read mixer for 'ALSA sound card': no such mixer control: PCM
May 06 10:26 : exception: Failed to open mixer for 'ALSA sound card': no such mixer control: PCM
May 06 10:27 : player: played "5. Song of the Lost Girl Detroit Become Human OST.mp3"
May 06 10:27 : exception: Failed to open mixer for 'ALSA sound card': no such mixer control: PCM
May 06 10:27 : player: played "dragonforce (Fairy Tail but is it okay if it's lofi hiphop).mp3"
May 06 10:27 : exception: Failed to open mixer for 'ALSA sound card': no such mixer control: PCM
May 06 10:27 : player: played "dragonforce (Fairy Tail but is it okay if it's lofi hiphop).mp3"
May 07 12:34 : exception: Failed to read mixer for 'ALSA sound card': no such mixer control: PCM
May 07 12:34 : exception: Failed to open mixer for 'ALSA sound card': no such mixer control: PCM
May 07 12:34 : exception: Failed to open mixer for 'ALSA sound card': no such mixer control: PCM
May 07 12:36 : exception: Failed to open mixer for 'ALSA sound card': no such mixer control: PCM
May 07 12:36 : alsa_output: Decoder is too slow; playing silence to avoid xrun
May 07 12:38 : player: played "Billie Eilish - bad guy.mp3"
May 07 12:41 : player: played "Y2K, bbno$ - Lalala (Official Video).mp3"
May 08 15:42 : exception: Failed to read mixer for 'ALSA sound card': no such mixer control: PCM
May 08 15:47 : exception: Failed to read mixer for 'ALSA sound card': no such mixer control: PCM
May 08 15:48 : exception: Failed to read mixer for 'ALSA sound card': no such mixer control: PCM
May 08 16:08 : exception: Failed to open mixer for 'ALSA sound card': no such mixer control: PCM
May 08 16:08 : player: played "John Denver - Take Me Home, Country Roads (Audio).mp3"
May 08 17:00 : exception: Failed to read mixer for 'ALSA sound card': no such mixer control: PCM
May 08 17:02 : exception: Failed to open mixer for 'ALSA sound card': no such mixer control: PCM
May 08 17:02 : exception: Failed to open mixer for 'ALSA sound card': no such mixer control: PCM
May 08 17:02 : player: played "Serhat Durmus - Hislerim (ft. Zerrin).mp3"
May 08 17:41 : exception: Failed to read mixer for 'ALSA sound card': no such mixer control: PCM
May 08 17:45 : exception: Failed to open mixer for 'ALSA sound card': no such mixer control: PCM
May 08 17:46 : player: played "Serhat Durmus - Silence Of Reality.mp3"
May 08 18:04 : exception: Failed to read mixer for 'ALSA sound card': no such mixer control: PCM
May 08 18:04 : exception: Failed to open mixer for 'ALSA sound card': no such mixer control: PCM
May 08 18:05 : player: played "Toto - Africa (Official Music Video).mp3"
May 08 18:05 : exception: Failed to open mixer for 'ALSA sound card': no such mixer control: PCM
May 08 18:05 : player: played "Toto - Africa (Official Music Video).mp3"
May 09 10:55 : exception: Failed to read mixer for 'ALSA sound card': no such mixer control: PCM
May 09 13:10 : exception: Failed to read mixer for 'ALSA sound card': no such mixer control: PCM
Dec 09 13:39 : config: option 'mixer_control' on line 15 was not recognized
Dec 09 13:39 : update: added 周杰伦/范特西/00 双截棍.mp3
Dec 09 13:39 : update: added 周杰伦/霍元甲/00 霍元甲.mp3
Dec 09 13:44 : exception: Bad song index
Dec 09 13:46 : exception: Bad song index
Dec 09 13:47 : exception: No such song
Dec 09 13:47 : exception: No such song
Dec 09 13:48 : player: played "周杰伦/范特西/00 双截棍.mp3"
Dec 09 14:33 : update: removing 周杰伦/霍元甲/00 霍元甲.mp3
Dec 09 14:33 : update: removing 周杰伦/范特西/00 双截棍.mp3
Dec 09 14:33 : update: added Music/Media.localized/Music/Unknown Artist/Unknown Album/AI定制背景音乐下载平台-BGM猫(1).mp3
Dec 09 14:33 : update: added Music/Media.localized/Music/Unknown Artist/Unknown Album/2k 1.mp3
Dec 09 14:33 : update: added Music/Media.localized/Music/Unknown Artist/Unknown Album/emfY_BGMCat.mp3
Dec 09 14:33 : update: added Music/Media.localized/Music/Unknown Artist/Unknown Album/1.mp3
Dec 09 14:33 : update: added Music/Media.localized/Music/Unknown Artist/Unknown Album/jiuselu1.mp3
Dec 09 14:33 : update: added Music/Media.localized/Music/Unknown Artist/Unknown Album/David Guetta & Sia - Flames (Extended) - YouTube.m4a
Dec 09 14:33 : update: added Music/Media.localized/Music/Unknown Artist/Unknown Album/audio.mp3
Dec 09 14:33 : update: added Music/Media.localized/Music/Unknown Artist/Unknown Album/1-小编从阿里.mp3
Dec 09 14:33 : update: added Music/Media.localized/Music/Unknown Artist/Unknown Album/jiuselu-en.mp3
Dec 09 14:33 : update: added Music/Media.localized/Music/Unknown Artist/Unknown Album/hk.mp3
Dec 09 14:33 : update: added Music/Media.localized/Music/Unknown Artist/Unknown Album/2k.mp3
Dec 09 14:33 : update: added Music/Media.localized/Music/Unknown Artist/Unknown Album/AI定制背景音乐下载平台-BGM猫.mp3
Dec 09 14:33 : update: added Music/Media.localized/Music/Unknown Artist/Unknown Album/eng-English-英语.mp3
Dec 09 14:33 : update: added Music/Media.localized/Music/Unknown Artist/Unknown Album/hello_in_cn.mp3
Dec 09 14:33 : update: added Music/Media.localized/Music/Unknown Artist/Unknown Album/jiuselu.mp3
Dec 09 14:33 : update: added Music/Media.localized/Music/Unknown Artist/Unknown Album/cmn-Mandarin-Chinese-普通话-中文.mp3
Dec 09 14:33 : update: added Music/Media.localized/Music/Unknown Artist/Unknown Album/1-傳說古代有.mp3
Dec 09 14:33 : update: added Music/Media.localized/Music/Unknown Artist/Unknown Album/546475289_1693999954_0.mp3
Dec 09 14:33 : update: added Music/Media.localized/Music/Unknown Artist/Unknown Album/2022-05-11 07_41_15.mp3
Dec 09 14:33 : update: added Music/Media.localized/Music/Unknown Artist/Unknown Album/tw.mp3
Dec 09 14:33 : update: added Music/Media.localized/Music/Komiku/The Binge Watchers _ Score 1/11 Action Epic.mp3
Dec 09 14:33 : update: added Music/Media.localized/Music/周杰伦/Jay/反方向的钟.mp3
Dec 09 14:33 : update: added Music/Media.localized/Music/周杰伦/范特西/双截棍.mp3
Dec 09 14:33 : ffmpeg/mov,mp4,m4a,3gp,3g2,mj2: stream 0, timescale not set
Dec 09 14:33 : update: added Music/Media.localized/Music/Jax Jones/Whistle/Whistle.m4a
Dec 09 14:33 : update: added Music/Media.localized/Music/Lu Xun/Call to Arms/02 - kuang ren ri ji.mp3
Dec 09 14:33 : update: added Music/Media.localized/Music/Vibe Tracks/YouTube Audio Library/Universal.mp3
Dec 09 14:41 : update: added /The Weeknd-Save Your Tears(Clean).mp3
Dec 09 14:41 : update: added /The Weeknd-In Your Eyes(Clean).mp3
Dec 09 14:41 : update: added /Vanessa Hudgens-Say Ok.mp3
Dec 09 14:41 : update: added /David Guetta & Sia - Flames (Extended) - YouTube.m4a
Dec 09 14:41 : update: added /李宇春-下个，路口，见.mp3
Dec 09 14:41 : update: added /　-Love Story (Taylor's Version).mp3
Dec 09 14:41 : update: added /吉克隽逸-即刻出发.mp3
Dec 09 14:41 : update: added /David Garrett-Viva La Vida(小提琴独奏).mp3
Dec 09 14:41 : update: added /　-就忘了吧（抖音DJ版）.mp3
Dec 09 14:41 : update: added /Tank-三国恋 (电视剧《七剑下天山》主题曲).mp3
Dec 09 14:42 : ffmpeg/aac: Could not update timestamps for skipped samples.
Dec 09 14:42 : exception: Failed to open audio output
Dec 09 14:45 : player: played "李宇春-下个，路口，见.mp3"
Dec 09 14:56 : player: played "李宇春-下个，路口，见.mp3"
Dec 09 15:01 : player: played "李宇春-下个，路口，见.mp3"
Dec 09 15:02 : ffmpeg/aac: Could not update timestamps for skipped samples.
Dec 09 15:07 : player: played "David Guetta & Sia - Flames (Extended) - YouTube.m4a"
Dec 09 15:07 : ffmpeg/aac: Could not update timestamps for skipped samples.
Dec 09 15:12 : player: played "David Guetta & Sia - Flames (Extended) - YouTube.m4a"
Dec 09 15:13 : player: played "李宇春-下个，路口，见.mp3"
Dec 09 15:13 : exception: Not playing
Dec 09 15:13 : exception: Not playing
Dec 09 15:27 : player: played "The Weeknd-In Your Eyes(Clean).mp3"
Dec 09 15:30 : player: played "The Weeknd-Save Your Tears(Clean).mp3"
Dec 09 15:40 : player: played "Vanessa Hudgens-Say Ok.mp3"
Dec 09 15:40 : exception: Not playing
Dec 09 15:40 : exception: Not playing
Dec 09 15:40 : exception: Not playing
Dec 09 15:40 : exception: Not playing
Dec 09 15:40 : exception: Not playing
Dec 09 15:40 : ffmpeg/aac: Could not update timestamps for skipped samples.
Dec 09 15:40 : player: played "Tank-三国恋 (电视剧《七剑下天山》主题曲).mp3"
Dec 10 00:30 : player: played "Tank-三国恋 (电视剧《七剑下天山》主题曲).mp3"
Dec 10 00:34 : player: played "The Weeknd-In Your Eyes(Clean).mp3"
Dec 10 00:38 : player: played "The Weeknd-Save Your Tears(Clean).mp3"
Dec 10 00:42 : player: played "Vanessa Hudgens-Say Ok.mp3"
Dec 10 01:54 : player: played "The Weeknd-Save Your Tears(Clean).mp3"
Dec 10 01:58 : player: played "The Weeknd-In Your Eyes(Clean).mp3"
Dec 10 02:02 : player: played "The Weeknd-Save Your Tears(Clean).mp3"
Dec 10 23:05 : player: played "Vanessa Hudgens-Say Ok.mp3"
Dec 11 00:02 : ffmpeg/aac: Could not update timestamps for skipped samples.
Dec 11 00:02 : ffmpeg/aac: Could not update timestamps for skipped samples.
Dec 11 00:11 : player: played "The Weeknd-Save Your Tears(Clean).mp3"
Dec 11 00:15 : player: played "Tank-三国恋 (电视剧《七剑下天山》主题曲).mp3"
Dec 11 00:19 : player: played "The Weeknd-In Your Eyes(Clean).mp3"
Dec 11 00:22 : ffmpeg/aac: Could not update timestamps for skipped samples.
Dec 11 00:29 : player: played "The Weeknd-Save Your Tears(Clean).mp3"
Dec 11 00:37 : player: played "　-就忘了吧（抖音DJ版）.mp3"
Dec 11 00:42 : player: played "Tank-三国恋 (电视剧《七剑下天山》主题曲).mp3"
Dec 11 00:45 : player: played "The Weeknd-In Your Eyes(Clean).mp3"
Dec 11 00:49 : player: played "The Weeknd-Save Your Tears(Clean).mp3"
Dec 11 00:53 : player: played "Vanessa Hudgens-Say Ok.mp3"
Dec 12 10:43 : player: played "The Weeknd-In Your Eyes(Clean).mp3"
Dec 12 10:46 : player: played "The Weeknd-Save Your Tears(Clean).mp3"
Dec 12 10:53 : player: played "Vanessa Hudgens-Say Ok.mp3"
Dec 12 19:09 : player: played "The Weeknd-In Your Eyes(Clean).mp3"
Dec 12 19:12 : ffmpeg/aac: Could not update timestamps for skipped samples.
Dec 12 19:13 : player: played "David Guetta & Sia - Flames (Extended) - YouTube.m4a"
2025-10-30T14:12:28 update: added Music/08 生如夏花.mp3
2025-10-30T14:12:28 update: added Music/简单爱.mp3
2025-10-30T14:12:28 update: added Music/10 之战之殇.mp3
2025-10-30T14:12:28 update: added Music/星晴.flac
2025-10-30T14:12:28 update: added Music/12 一路向北.MP3
2025-10-30T14:12:28 exception: No mixer
2025-10-30T14:12:41 exception: No mixer
2025-10-30T14:13:39 update: added /08 生如夏花.mp3
2025-10-30T14:13:39 update: added /简单爱.mp3
2025-10-30T14:13:39 update: added /10 之战之殇.mp3
2025-10-30T14:13:39 update: added /星晴.flac
2025-10-30T14:13:39 update: removing Music/简单爱.mp3
2025-10-30T14:13:39 update: removing Music/12 一路向北.MP3
2025-10-30T14:13:39 update: removing Music/10 之战之殇.mp3
2025-10-30T14:13:39 update: removing Music/星晴.flac
2025-10-30T14:13:39 update: removing Music/08 生如夏花.mp3
2025-10-30T14:13:39 update: added /12 一路向北.MP3
2025-10-30T14:13:39 exception: No such directory
2025-10-30T14:14:17 exception: No mixer
2025-10-30T14:17:47 mpg123: mpg123_read() failed: A generic mpg123 error.
2025-10-30T14:18:22 player: played "10 之战之殇.mp3"
2025-10-30T14:19:42 exception: No mixer
2025-10-30T14:19:57 player: played "12 一路向北.MP3"
2025-10-30T17:30:59 exception: Failed to open audio output
2025-10-30T17:32:02 exception: No such song
2025-10-30T17:39:55 exception: No mixer
2025-10-30T17:40:04 exception: No mixer
2025-10-30T17:40:04 exception: No mixer
2025-10-30T17:40:04 exception: No mixer
2025-10-30T17:40:04 exception: No mixer
2025-10-30T17:40:04 exception: No mixer
2025-10-30T17:40:04 exception: No mixer
2025-10-30T17:40:04 exception: No mixer
2025-10-30T17:40:04 exception: No mixer
2025-10-30T17:40:04 exception: No mixer
2025-10-30T17:40:04 exception: No mixer
2025-10-30T17:40:04 exception: No mixer
2025-10-30T17:40:04 exception: No mixer
2025-10-30T17:40:04 exception: No mixer
2025-10-30T17:40:05 exception: No mixer
2025-10-30T17:40:05 exception: No mixer
2025-10-30T17:40:05 exception: No mixer
2025-10-30T17:40:05 exception: No mixer
2025-10-30T17:40:05 exception: No mixer
2025-10-30T17:40:05 exception: No mixer
2025-10-30T17:40:05 exception: No mixer
2025-10-30T17:40:05 exception: No mixer
2025-10-30T17:40:05 exception: No mixer
2025-10-30T17:40:05 exception: No mixer
2025-10-30T17:40:05 exception: No mixer
2025-10-30T17:40:05 exception: No mixer
2025-10-30T17:40:05 exception: No mixer
2025-10-30T17:40:05 exception: No mixer
2025-10-30T17:41:21 exception: No mixer
2025-10-30T17:42:22 player: played "星晴.flac"
2025-10-30T17:42:32 exception: No mixer
2025-10-30T17:43:59 player: played "星晴.flac"
2025-10-30T17:44:01 output: Failed to open mixer for "ALSA sound card": no such mixer control: PCM
2025-10-30T17:44:02 mixer: Failed to set mixer for "ALSA sound card": no such mixer control: PCM
2025-10-30T17:44:02 exception: Failed to set mixer for "ALSA sound card"; no such mixer control: PCM
2025-10-30T17:44:06 output: Failed to open mixer for "ALSA sound card": no such mixer control: PCM
2025-10-30T17:44:16 output: Failed to open mixer for "ALSA sound card": no such mixer control: PCM
2025-10-30T17:47:33 player: played "星晴.flac"
2025-10-30T17:48:07 output: Failed to open mixer for "ALSA sound card": no such mixer control: PCM
Note: Illegal Audio-MPEG-Header 0xa63c1166 at offset 458919.
Note: Trying to resync...
Note: Skipped 5 bytes in input.
2025-10-30T17:49:45 mixer: Failed to set mixer for "ALSA sound card": no such mixer control: PCM
2025-10-30T17:49:45 exception: Failed to set mixer for "ALSA sound card"; no such mixer control: PCM
2025-10-30T17:49:59 mixer: Failed to set mixer for "ALSA sound card": no such mixer control: PCM
2025-10-30T17:49:59 exception: Failed to set mixer for "ALSA sound card"; no such mixer control: PCM
2025-10-30T18:04:05 output: Failed to open mixer for "ALSA sound card": no such mixer control: PCM
2025-10-30T18:13:21 mixer: Failed to set mixer for "ALSA sound card": no such mixer control: PCM
2025-10-30T18:13:21 exception: Failed to set mixer for "ALSA sound card"; no such mixer control: PCM
2025-10-30T18:13:22 output: Failed to open mixer for "ALSA sound card": no such mixer control: PCM
2025-10-30T19:42:42 output: Failed to open mixer for "ALSA sound card": no such mixer control: PCM
2025-10-30T19:42:53 player: played "简单爱.mp3"
2025-10-30T20:07:48 mixer: Failed to set mixer for "ALSA sound card": no such mixer control: PCM
2025-10-30T20:07:48 exception: Failed to set mixer for "ALSA sound card"; no such mixer control: PCM
2025-10-30T20:07:54 mixer: Failed to set mixer for "ALSA sound card": no such mixer control: PCM
2025-10-30T20:07:54 exception: Failed to set mixer for "ALSA sound card"; no such mixer control: PCM
2025-10-31T21:50:06 mixer: Failed to read mixer for "ALSA sound card": no such mixer control: PCM
2025-10-31T21:50:06 mixer: Failed to set mixer for "ALSA sound card": no such mixer control: PCM
2025-10-31T21:50:06 exception: Failed to set mixer for "ALSA sound card"; no such mixer control: PCM
2025-10-31T21:50:09 mixer: Failed to set mixer for "ALSA sound card": no such mixer control: PCM
2025-10-31T21:50:09 exception: Failed to set mixer for "ALSA sound card"; no such mixer control: PCM
2025-11-01T01:41:21 mixer: Failed to read mixer for "ALSA sound card": no such mixer control: PCM
2025-11-01T01:41:21 mixer: Failed to set mixer for "ALSA sound card": no such mixer control: PCM
2025-11-01T01:41:21 exception: Failed to set mixer for "ALSA sound card"; no such mixer control: PCM
2025-11-01T01:41:23 exception: Failed to decode "/home/lee/Music/星晴.flac"; Failed to open "/home/lee/Music/星晴.flac": No such file or directory
2025-11-01T01:41:23 player: played "星晴.flac"
2025-11-01T01:41:23 exception: Failed to decode "/home/lee/Music/10 之战之殇.mp3"; Failed to open "/home/lee/Music/10 之战之殇.mp3": No such file or directory
2025-11-01T01:41:23 player: played "10 之战之殇.mp3"
2025-11-01T01:41:23 exception: Failed to decode "/home/lee/Music/12 一路向北.MP3"; Failed to open "/home/lee/Music/12 一路向北.MP3": No such file or directory
2025-11-01T01:41:23 player: played "12 一路向北.MP3"
2025-11-01T01:41:23 exception: Failed to decode "/home/lee/Music/简单爱.mp3"; Failed to open "/home/lee/Music/简单爱.mp3": No such file or directory
2025-11-01T01:41:23 player: played "简单爱.mp3"
2025-11-01T01:41:23 exception: Failed to decode "/home/lee/Music/08 生如夏花.mp3"; Failed to open "/home/lee/Music/08 生如夏花.mp3": No such file or directory
2025-11-01T01:41:23 player: played "08 生如夏花.mp3"
2025-11-01T01:41:27 exception: Failed to decode "/home/lee/Music/08 生如夏花.mp3"; Failed to open "/home/lee/Music/08 生如夏花.mp3": No such file or directory
2025-11-01T01:41:27 player: played "08 生如夏花.mp3"
2025-11-01T01:41:27 exception: Failed to decode "/home/lee/Music/08 生如夏花.mp3"; Failed to open "/home/lee/Music/08 生如夏花.mp3": No such file or directory
2025-11-01T01:41:29 exception: Failed to decode "/home/lee/Music/星晴.flac"; Failed to open "/home/lee/Music/星晴.flac": No such file or directory
2025-11-01T01:41:29 player: played "星晴.flac"
2025-11-01T01:41:29 exception: Failed to decode "/home/lee/Music/10 之战之殇.mp3"; Failed to open "/home/lee/Music/10 之战之殇.mp3": No such file or directory
2025-11-01T01:41:29 player: played "10 之战之殇.mp3"
2025-11-01T01:41:29 exception: Failed to decode "/home/lee/Music/12 一路向北.MP3"; Failed to open "/home/lee/Music/12 一路向北.MP3": No such file or directory
2025-11-01T01:41:29 player: played "12 一路向北.MP3"
2025-11-01T01:41:29 exception: Failed to decode "/home/lee/Music/12 一路向北.MP3"; Failed to open "/home/lee/Music/12 一路向北.MP3": No such file or directory
2025-11-01T01:41:29 player: played "12 一路向北.MP3"
2025-11-01T01:41:29 exception: Failed to decode "/home/lee/Music/简单爱.mp3"; Failed to open "/home/lee/Music/简单爱.mp3": No such file or directory
2025-11-01T01:41:29 player: played "简单爱.mp3"
2025-11-01T01:41:29 exception: Failed to decode "/home/lee/Music/08 生如夏花.mp3"; Failed to open "/home/lee/Music/08 生如夏花.mp3": No such file or directory
2025-11-01T01:41:29 player: played "08 生如夏花.mp3"
2025-11-01T05:32:40 mixer: Failed to read mixer for "ALSA sound card": no such mixer control: PCM
2025-11-01T05:32:40 mixer: Failed to set mixer for "ALSA sound card": no such mixer control: PCM
2025-11-01T05:32:40 exception: Failed to set mixer for "ALSA sound card"; no such mixer control: PCM
2025-11-01T05:32:46 update: added /01. 可爱女人.flac
2025-11-01T05:32:46 update: removing 08 生如夏花.mp3
2025-11-01T05:32:46 update: removing 星晴.flac
2025-11-01T05:32:46 update: removing 10 之战之殇.mp3
2025-11-01T05:32:46 update: removing 12 一路向北.MP3
2025-11-01T05:32:46 update: removing 简单爱.mp3
2025-11-01T05:33:02 output: Failed to open mixer for "ALSA sound card": no such mixer control: PCM
2025-11-01T05:33:34 player: played "01. 可爱女人.flac"
2025-11-01T15:12:03 mixer: Failed to read mixer for "ALSA sound card": no such mixer control: PCM
2025-11-01T15:12:03 mixer: Failed to set mixer for "ALSA sound card": no such mixer control: PCM
2025-11-01T15:12:03 exception: Failed to set mixer for "ALSA sound card"; no such mixer control: PCM
2025-11-01T15:12:05 mixer: Failed to set mixer for "ALSA sound card": no such mixer control: PCM
2025-11-01T15:12:05 exception: Failed to set mixer for "ALSA sound card"; no such mixer control: PCM
2025-11-01T15:12:09 update: added /sk.cri.cn - 887.mp3
2025-11-01T15:12:09 update: added /sk.cri.cn - 887-1.mp3
2025-11-01T15:12:19 output: Failed to open mixer for "ALSA sound card": no such mixer control: PCM
2025-11-01T15:13:02 update: removing sk.cri.cn - 887.mp3
2025-11-01T15:13:02 update: removing sk.cri.cn - 887-1.mp3
2025-11-01T15:16:35 mixer: Failed to set mixer for "ALSA sound card": no such mixer control: PCM
2025-11-01T15:16:35 exception: Failed to set mixer for "ALSA sound card"; no such mixer control: PCM
2025-11-01T15:16:41 update: added /sk.cri.cn - 887.mp3
2025-11-01T15:16:41 update: added /sk.cri.cn - 887-1.mp3
2025-11-01T15:18:01 update: added /887.mp3
2025-11-01T15:18:01 update: removing sk.cri.cn - 887.mp3
2025-11-01T15:18:01 update: removing sk.cri.cn - 887-1.mp3
2025-11-01T15:37:38 output: Failed to open mixer for "ALSA sound card": no such mixer control: PCM
2025-11-01T15:37:40 output: Failed to open mixer for "ALSA sound card": no such mixer control: PCM
2025-11-01T15:38:29 player: played "887.mp3"
2025-11-02T05:20:00 mixer: Failed to read mixer for "ALSA sound card": no such mixer control: PCM
2025-11-02T05:20:03 output: Failed to open mixer for "ALSA sound card": no such mixer control: PCM
2025-11-02T05:21:32 player: played "01. 可爱女人.flac"
2025-11-02T06:22:33 mixer: Failed to read mixer for "ALSA sound card": no such mixer control: PCM
2025-11-02T06:22:33 mixer: Failed to set mixer for "ALSA sound card": no such mixer control: PCM
2025-11-02T06:22:33 exception: Failed to set mixer for "ALSA sound card"; no such mixer control: PCM
2025-11-02T06:32:46 mixer: Failed to set mixer for "ALSA sound card": no such mixer control: PCM
2025-11-02T06:32:46 exception: Failed to set mixer for "ALSA sound card"; no such mixer control: PCM
2025-11-02T06:33:36 mixer: Failed to set mixer for "ALSA sound card": no such mixer control: PCM
2025-11-02T06:33:36 exception: Failed to set mixer for "ALSA sound card"; no such mixer control: PCM
2025-11-02T06:33:40 mixer: Failed to set mixer for "ALSA sound card": no such mixer control: PCM
2025-11-02T06:33:40 exception: Failed to set mixer for "ALSA sound card"; no such mixer control: PCM
2026-04-13T16:06:15 exception: Failed to decode "/home/lee/Music/01. 可爱女人.flac"; Failed to open "/home/lee/Music/01. 可爱女人.flac": No such file or directory
2026-04-13T16:06:15 player: played "01. 可爱女人.flac"
2026-04-13T16:06:15 exception: Failed to decode "/home/lee/Music/887.mp3"; Failed to open "/home/lee/Music/887.mp3": No such file or directory
2026-04-13T16:06:15 player: played "887.mp3"
2026-04-13T16:06:15 exception: Failed to decode "/home/lee/Music/01. 可爱女人.flac"; Failed to open "/home/lee/Music/01. 可爱女人.flac": No such file or directory
2026-04-13T16:06:15 player: played "01. 可爱女人.flac"
2026-04-13T16:06:15 exception: Failed to decode "/home/lee/Music/887.mp3"; Failed to open "/home/lee/Music/887.mp3": No such file or directory
2026-04-13T16:06:15 player: played "887.mp3"
2026-04-13T16:07:33 update: added /星晴.mp3
2026-04-13T16:07:33 update: removing 01. 可爱女人.flac
2026-04-13T16:07:33 update: removing 887.mp3
2026-04-13T16:13:14 player: played "星晴.mp3"
2026-04-13T16:21:03 output: Failed to play on "Pulse Audio" (pulse): suspended
2026-04-13T16:21:22 output: Failed to play on "Pulse Audio" (pulse): suspended
2026-04-13T16:23:33 player: played "星晴.mp3"
2026-04-13T16:27:58 player: played "星晴.mp3"
2026-04-13T17:08:06 player: played "星晴.mp3"
